instruction memory:
	instrMem[ 0 ] = 0x00810006 ( lw 0 1 6 )
	instrMem[ 1 ] = 0x010A0002 ( beq 1 2 2 )
	instrMem[ 2 ] = 0x00820007 ( lw 0 2 7 )
	instrMem[ 3 ] = 0x00120003 ( add 2 2 3 )
	instrMem[ 4 ] = 0x00090001 ( add 1 1 1 )
	instrMem[ 5 ] = 0x01800000 ( halt )
	instrMem[ 6 ] = 0x00000002 ( add 0 0 2 )
	instrMem[ 7 ] = 0x00000003 ( add 0 0 3 )

@@@
state before cycle 0 starts:
	pc = 0
	data memory:
		dataMem[ 0 ] = 0x00810006
		dataMem[ 1 ] = 0x010A0002
		dataMem[ 2 ] = 0x00820007
		dataMem[ 3 ] = 0x00120003
		dataMem[ 4 ] = 0x00090001
		dataMem[ 5 ] = 0x01800000
		dataMem[ 6 ] = 0x00000002
		dataMem[ 7 ] = 0x00000003
	registers:
		reg[ 0 ] = 0
		reg[ 1 ] = 0
		reg[ 2 ] = 0
		reg[ 3 ] = 0
		reg[ 4 ] = 0
		reg[ 5 ] = 0
		reg[ 6 ] = 0
		reg[ 7 ] = 0
	IF/ID pipeline register:
		instruction = 0x01C00000 ( noop )
		pcPlus1 = 0 (Don't Care)
	ID/EX pipeline register:
		instruction = 0x01C00000 ( noop )
		pcPlus1 = 0 (Don't Care)
		readRegA = 0 (Don't Care)
		readRegB = 0 (Don't Care)
		offset = 0 (Don't Care)
	EX/MEM pipeline register:
		instruction = 0x01C00000 ( noop )
		branchTarget 0 (Don't Care)
		eq ? False (Don't Care)
		aluResult = 0 (Don't Care)
		readRegB = 0 (Don't Care)
	MEM/WB pipeline register:
		instruction = 0x01C00000 ( noop )
		writeData = 0 (Don't Care)
	WB/END pipeline register:
		instruction = 0x01C00000 ( noop )
		writeData = 0 (Don't Care)
end state

@@@
state before cycle 1 starts:
	pc = 1
	data memory:
		dataMem[ 0 ] = 0x00810006
		dataMem[ 1 ] = 0x010A0002
		dataMem[ 2 ] = 0x00820007
		dataMem[ 3 ] = 0x00120003
		dataMem[ 4 ] = 0x00090001
		dataMem[ 5 ] = 0x01800000
		dataMem[ 6 ] = 0x00000002
		dataMem[ 7 ] = 0x00000003
	registers:
		reg[ 0 ] = 0
		reg[ 1 ] = 0
		reg[ 2 ] = 0
		reg[ 3 ] = 0
		reg[ 4 ] = 0
		reg[ 5 ] = 0
		reg[ 6 ] = 0
		reg[ 7 ] = 0
	IF/ID pipeline register:
		instruction = 0x00810006 ( lw 0 1 6 )
		pcPlus1 = 1
	ID/EX pipeline register:
		instruction = 0x01C00000 ( noop )
		pcPlus1 = 0 (Don't Care)
		readRegA = 0 (Don't Care)
		readRegB = 0 (Don't Care)
		offset = 0 (Don't Care)
	EX/MEM pipeline register:
		instruction = 0x01C00000 ( noop )
		branchTarget 0 (Don't Care)
		eq ? True (Don't Care)
		aluResult = 0 (Don't Care)
		readRegB = 0 (Don't Care)
	MEM/WB pipeline register:
		instruction = 0x01C00000 ( noop )
		writeData = 0 (Don't Care)
	WB/END pipeline register:
		instruction = 0x01C00000 ( noop )
		writeData = 0 (Don't Care)
end state

@@@
state before cycle 2 starts:
	pc = 2
	data memory:
		dataMem[ 0 ] = 0x00810006
		dataMem[ 1 ] = 0x010A0002
		dataMem[ 2 ] = 0x00820007
		dataMem[ 3 ] = 0x00120003
		dataMem[ 4 ] = 0x00090001
		dataMem[ 5 ] = 0x01800000
		dataMem[ 6 ] = 0x00000002
		dataMem[ 7 ] = 0x00000003
	registers:
		reg[ 0 ] = 0
		reg[ 1 ] = 0
		reg[ 2 ] = 0
		reg[ 3 ] = 0
		reg[ 4 ] = 0
		reg[ 5 ] = 0
		reg[ 6 ] = 0
		reg[ 7 ] = 0
	IF/ID pipeline register:
		instruction = 0x010A0002 ( beq 1 2 2 )
		pcPlus1 = 2
	ID/EX pipeline register:
		instruction = 0x00810006 ( lw 0 1 6 )
		pcPlus1 = 1
		readRegA = 0
		readRegB = 0 (Don't Care)
		offset = 6
	EX/MEM pipeline register:
		instruction = 0x01C00000 ( noop )
		branchTarget 0 (Don't Care)
		eq ? True (Don't Care)
		aluResult = 0 (Don't Care)
		readRegB = 0 (Don't Care)
	MEM/WB pipeline register:
		instruction = 0x01C00000 ( noop )
		writeData = 0 (Don't Care)
	WB/END pipeline register:
		instruction = 0x01C00000 ( noop )
		writeData = 0 (Don't Care)
end state

@@@
state before cycle 3 starts:
	pc = 2
	data memory:
		dataMem[ 0 ] = 0x00810006
		dataMem[ 1 ] = 0x010A0002
		dataMem[ 2 ] = 0x00820007
		dataMem[ 3 ] = 0x00120003
		dataMem[ 4 ] = 0x00090001
		dataMem[ 5 ] = 0x01800000
		dataMem[ 6 ] = 0x00000002
		dataMem[ 7 ] = 0x00000003
	registers:
		reg[ 0 ] = 0
		reg[ 1 ] = 0
		reg[ 2 ] = 0
		reg[ 3 ] = 0
		reg[ 4 ] = 0
		reg[ 5 ] = 0
		reg[ 6 ] = 0
		reg[ 7 ] = 0
	IF/ID pipeline register:
		instruction = 0x010A0002 ( beq 1 2 2 )
		pcPlus1 = 2
	ID/EX pipeline register:
		instruction = 0x01C00000 ( noop )
		pcPlus1 = 0 (Don't Care)
		readRegA = 0 (Don't Care)
		readRegB = 0 (Don't Care)
		offset = 0 (Don't Care)
	EX/MEM pipeline register:
		instruction = 0x00810006 ( lw 0 1 6 )
		branchTarget 7 (Don't Care)
		eq ? True (Don't Care)
		aluResult = 6
		readRegB = 0 (Don't Care)
	MEM/WB pipeline register:
		instruction = 0x01C00000 ( noop )
		writeData = 0 (Don't Care)
	WB/END pipeline register:
		instruction = 0x01C00000 ( noop )
		writeData = 0 (Don't Care)
end state

@@@
state before cycle 4 starts:
	pc = 3
	data memory:
		dataMem[ 0 ] = 0x00810006
		dataMem[ 1 ] = 0x010A0002
		dataMem[ 2 ] = 0x00820007
		dataMem[ 3 ] = 0x00120003
		dataMem[ 4 ] = 0x00090001
		dataMem[ 5 ] = 0x01800000
		dataMem[ 6 ] = 0x00000002
		dataMem[ 7 ] = 0x00000003
	registers:
		reg[ 0 ] = 0
		reg[ 1 ] = 0
		reg[ 2 ] = 0
		reg[ 3 ] = 0
		reg[ 4 ] = 0
		reg[ 5 ] = 0
		reg[ 6 ] = 0
		reg[ 7 ] = 0
	IF/ID pipeline register:
		instruction = 0x00820007 ( lw 0 2 7 )
		pcPlus1 = 3
	ID/EX pipeline register:
		instruction = 0x010A0002 ( beq 1 2 2 )
		pcPlus1 = 2
		readRegA = 0
		readRegB = 0
		offset = 2
	EX/MEM pipeline register:
		instruction = 0x01C00000 ( noop )
		branchTarget 0 (Don't Care)
		eq ? True (Don't Care)
		aluResult = 0 (Don't Care)
		readRegB = 0 (Don't Care)
	MEM/WB pipeline register:
		instruction = 0x00810006 ( lw 0 1 6 )
		writeData = 2
	WB/END pipeline register:
		instruction = 0x01C00000 ( noop )
		writeData = 0 (Don't Care)
end state

@@@
state before cycle 5 starts:
	pc = 4
	data memory:
		dataMem[ 0 ] = 0x00810006
		dataMem[ 1 ] = 0x010A0002
		dataMem[ 2 ] = 0x00820007
		dataMem[ 3 ] = 0x00120003
		dataMem[ 4 ] = 0x00090001
		dataMem[ 5 ] = 0x01800000
		dataMem[ 6 ] = 0x00000002
		dataMem[ 7 ] = 0x00000003
	registers:
		reg[ 0 ] = 0
		reg[ 1 ] = 2
		reg[ 2 ] = 0
		reg[ 3 ] = 0
		reg[ 4 ] = 0
		reg[ 5 ] = 0
		reg[ 6 ] = 0
		reg[ 7 ] = 0
	IF/ID pipeline register:
		instruction = 0x00120003 ( add 2 2 3 )
		pcPlus1 = 4
	ID/EX pipeline register:
		instruction = 0x00820007 ( lw 0 2 7 )
		pcPlus1 = 3
		readRegA = 0
		readRegB = 0 (Don't Care)
		offset = 7
	EX/MEM pipeline register:
		instruction = 0x010A0002 ( beq 1 2 2 )
		branchTarget 4
		eq ? False
		aluResult = 0 (Don't Care)
		readRegB = 0 (Don't Care)
	MEM/WB pipeline register:
		instruction = 0x01C00000 ( noop )
		writeData = 0 (Don't Care)
	WB/END pipeline register:
		instruction = 0x00810006 ( lw 0 1 6 )
		writeData = 2
end state

@@@
state before cycle 6 starts:
	pc = 4
	data memory:
		dataMem[ 0 ] = 0x00810006
		dataMem[ 1 ] = 0x010A0002
		dataMem[ 2 ] = 0x00820007
		dataMem[ 3 ] = 0x00120003
		dataMem[ 4 ] = 0x00090001
		dataMem[ 5 ] = 0x01800000
		dataMem[ 6 ] = 0x00000002
		dataMem[ 7 ] = 0x00000003
	registers:
		reg[ 0 ] = 0
		reg[ 1 ] = 2
		reg[ 2 ] = 0
		reg[ 3 ] = 0
		reg[ 4 ] = 0
		reg[ 5 ] = 0
		reg[ 6 ] = 0
		reg[ 7 ] = 0
	IF/ID pipeline register:
		instruction = 0x00120003 ( add 2 2 3 )
		pcPlus1 = 4
	ID/EX pipeline register:
		instruction = 0x01C00000 ( noop )
		pcPlus1 = 0 (Don't Care)
		readRegA = 0 (Don't Care)
		readRegB = 0 (Don't Care)
		offset = 0 (Don't Care)
	EX/MEM pipeline register:
		instruction = 0x00820007 ( lw 0 2 7 )
		branchTarget 10 (Don't Care)
		eq ? True (Don't Care)
		aluResult = 7
		readRegB = 0 (Don't Care)
	MEM/WB pipeline register:
		instruction = 0x010A0002 ( beq 1 2 2 )
		writeData = 0 (Don't Care)
	WB/END pipeline register:
		instruction = 0x01C00000 ( noop )
		writeData = 0 (Don't Care)
end state

@@@
state before cycle 7 starts:
	pc = 5
	data memory:
		dataMem[ 0 ] = 0x00810006
		dataMem[ 1 ] = 0x010A0002
		dataMem[ 2 ] = 0x00820007
		dataMem[ 3 ] = 0x00120003
		dataMem[ 4 ] = 0x00090001
		dataMem[ 5 ] = 0x01800000
		dataMem[ 6 ] = 0x00000002
		dataMem[ 7 ] = 0x00000003
	registers:
		reg[ 0 ] = 0
		reg[ 1 ] = 2
		reg[ 2 ] = 0
		reg[ 3 ] = 0
		reg[ 4 ] = 0
		reg[ 5 ] = 0
		reg[ 6 ] = 0
		reg[ 7 ] = 0
	IF/ID pipeline register:
		instruction = 0x00090001 ( add 1 1 1 )
		pcPlus1 = 5
	ID/EX pipeline register:
		instruction = 0x00120003 ( add 2 2 3 )
		pcPlus1 = 4
		readRegA = 0
		readRegB = 0
		offset = 3 (Don't Care)
	EX/MEM pipeline register:
		instruction = 0x01C00000 ( noop )
		branchTarget 0 (Don't Care)
		eq ? True (Don't Care)
		aluResult = 0 (Don't Care)
		readRegB = 0 (Don't Care)
	MEM/WB pipeline register:
		instruction = 0x00820007 ( lw 0 2 7 )
		writeData = 3
	WB/END pipeline register:
		instruction = 0x010A0002 ( beq 1 2 2 )
		writeData = 0 (Don't Care)
end state

@@@
state before cycle 8 starts:
	pc = 6
	data memory:
		dataMem[ 0 ] = 0x00810006
		dataMem[ 1 ] = 0x010A0002
		dataMem[ 2 ] = 0x00820007
		dataMem[ 3 ] = 0x00120003
		dataMem[ 4 ] = 0x00090001
		dataMem[ 5 ] = 0x01800000
		dataMem[ 6 ] = 0x00000002
		dataMem[ 7 ] = 0x00000003
	registers:
		reg[ 0 ] = 0
		reg[ 1 ] = 2
		reg[ 2 ] = 3
		reg[ 3 ] = 0
		reg[ 4 ] = 0
		reg[ 5 ] = 0
		reg[ 6 ] = 0
		reg[ 7 ] = 0
	IF/ID pipeline register:
		instruction = 0x01800000 ( halt )
		pcPlus1 = 6
	ID/EX pipeline register:
		instruction = 0x00090001 ( add 1 1 1 )
		pcPlus1 = 5
		readRegA = 2
		readRegB = 2
		offset = 1 (Don't Care)
	EX/MEM pipeline register:
		instruction = 0x00120003 ( add 2 2 3 )
		branchTarget 7 (Don't Care)
		eq ? True (Don't Care)
		aluResult = 6
		readRegB = 3 (Don't Care)
	MEM/WB pipeline register:
		instruction = 0x01C00000 ( noop )
		writeData = 0 (Don't Care)
	WB/END pipeline register:
		instruction = 0x00820007 ( lw 0 2 7 )
		writeData = 3
end state

@@@
state before cycle 9 starts:
	pc = 7
	data memory:
		dataMem[ 0 ] = 0x00810006
		dataMem[ 1 ] = 0x010A0002
		dataMem[ 2 ] = 0x00820007
		dataMem[ 3 ] = 0x00120003
		dataMem[ 4 ] = 0x00090001
		dataMem[ 5 ] = 0x01800000
		dataMem[ 6 ] = 0x00000002
		dataMem[ 7 ] = 0x00000003
	registers:
		reg[ 0 ] = 0
		reg[ 1 ] = 2
		reg[ 2 ] = 3
		reg[ 3 ] = 0
		reg[ 4 ] = 0
		reg[ 5 ] = 0
		reg[ 6 ] = 0
		reg[ 7 ] = 0
	IF/ID pipeline register:
		instruction = 0x00000002 ( add 0 0 2 )
		pcPlus1 = 7
	ID/EX pipeline register:
		instruction = 0x01800000 ( halt )
		pcPlus1 = 6
		readRegA = 0 (Don't Care)
		readRegB = 0 (Don't Care)
		offset = 0 (Don't Care)
	EX/MEM pipeline register:
		instruction = 0x00090001 ( add 1 1 1 )
		branchTarget 6 (Don't Care)
		eq ? True (Don't Care)
		aluResult = 4
		readRegB = 2 (Don't Care)
	MEM/WB pipeline register:
		instruction = 0x00120003 ( add 2 2 3 )
		writeData = 6
	WB/END pipeline register:
		instruction = 0x01C00000 ( noop )
		writeData = 0 (Don't Care)
end state

@@@
state before cycle 10 starts:
	pc = 8
	data memory:
		dataMem[ 0 ] = 0x00810006
		dataMem[ 1 ] = 0x010A0002
		dataMem[ 2 ] = 0x00820007
		dataMem[ 3 ] = 0x00120003
		dataMem[ 4 ] = 0x00090001
		dataMem[ 5 ] = 0x01800000
		dataMem[ 6 ] = 0x00000002
		dataMem[ 7 ] = 0x00000003
	registers:
		reg[ 0 ] = 0
		reg[ 1 ] = 2
		reg[ 2 ] = 3
		reg[ 3 ] = 6
		reg[ 4 ] = 0
		reg[ 5 ] = 0
		reg[ 6 ] = 0
		reg[ 7 ] = 0
	IF/ID pipeline register:
		instruction = 0x00000003 ( add 0 0 3 )
		pcPlus1 = 8
	ID/EX pipeline register:
		instruction = 0x00000002 ( add 0 0 2 )
		pcPlus1 = 7
		readRegA = 0
		readRegB = 0
		offset = 2 (Don't Care)
	EX/MEM pipeline register:
		instruction = 0x01800000 ( halt )
		branchTarget 6 (Don't Care)
		eq ? True (Don't Care)
		aluResult = 0 (Don't Care)
		readRegB = 0 (Don't Care)
	MEM/WB pipeline register:
		instruction = 0x00090001 ( add 1 1 1 )
		writeData = 4
	WB/END pipeline register:
		instruction = 0x00120003 ( add 2 2 3 )
		writeData = 6
end state
Machine halted
Total of 11 cycles executed
Final state of machine:

@@@
state before cycle 11 starts:
	pc = 9
	data memory:
		dataMem[ 0 ] = 0x00810006
		dataMem[ 1 ] = 0x010A0002
		dataMem[ 2 ] = 0x00820007
		dataMem[ 3 ] = 0x00120003
		dataMem[ 4 ] = 0x00090001
		dataMem[ 5 ] = 0x01800000
		dataMem[ 6 ] = 0x00000002
		dataMem[ 7 ] = 0x00000003
	registers:
		reg[ 0 ] = 0
		reg[ 1 ] = 4
		reg[ 2 ] = 3
		reg[ 3 ] = 6
		reg[ 4 ] = 0
		reg[ 5 ] = 0
		reg[ 6 ] = 0
		reg[ 7 ] = 0
	IF/ID pipeline register:
		instruction = 0x00000000 ( add 0 0 0 )
		pcPlus1 = 9
	ID/EX pipeline register:
		instruction = 0x00000003 ( add 0 0 3 )
		pcPlus1 = 8
		readRegA = 0
		readRegB = 0
		offset = 3 (Don't Care)
	EX/MEM pipeline register:
		instruction = 0x00000002 ( add 0 0 2 )
		branchTarget 9 (Don't Care)
		eq ? True (Don't Care)
		aluResult = 0
		readRegB = 0 (Don't Care)
	MEM/WB pipeline register:
		instruction = 0x01800000 ( halt )
		writeData = 0 (Don't Care)
	WB/END pipeline register:
		instruction = 0x00090001 ( add 1 1 1 )
		writeData = 4
end state
